<?xml version="1.0" encoding="UTF-8"?>
<!-- Generated by org.testng.reporters.JUnitReportReporter -->
<testsuite hostname="LAPTOP-DF3JNP2O" failures="0" tests="6" name="pro.Demo" time="0.014" errors="0" timestamp="2021-04-26T19:49:32 IST" skipped="0">
  <testcase classname="pro.Demo" name="integrationTest" time="0.002"/>
  <system-out/>
  <testcase classname="pro.Demo" name="integrationTest" time="0.007"/>
  <system-out/>
  <testcase classname="pro.Demo" name="integrationTest" time="0.002"/>
  <system-out/>
  <testcase classname="pro.Demo" name="integrationTest" time="0.001"/>
  <system-out/>
  <testcase classname="pro.Demo" name="integrationTest" time="0.001"/>
  <system-out/>
  <testcase classname="pro.Demo" name="integrationTest" time="0.001"/>
  <system-out/>
</testsuite> <!-- pro.Demo -->
